time="2024-11-07T10:24:18+08:00" level=info msg="Check port 9999" func="github.com/kosmos.io/kubenest/pkg/handlers.handleCheck()" file="check.go:42"
time="2024-11-07T10:24:18+08:00" level=info msg="port avalible :9999" func="github.com/kosmos.io/kubenest/pkg/handlers.handleCheck()" file="check.go:51"
time="2024-11-07T10:28:38+08:00" level=info msg="Check port 9999" func="github.com/kosmos.io/kubenest/pkg/handlers.handleCheck()" file="check.go:42"
time="2024-11-07T10:28:38+08:00" level=info msg="port avalible :9999" func="github.com/kosmos.io/kubenest/pkg/handlers.handleCheck()" file="check.go:51"
time="2024-11-07T10:40:11+08:00" level=error msg="port is required" func="github.com/kosmos.io/kubenest/pkg/handlers.handleCheck()" file="check.go:39"
time="2024-11-07T10:42:25+08:00" level=error msg="port is required" func="github.com/kosmos.io/kubenest/pkg/handlers.handleCheck()" file="check.go:39"
time="2024-11-07T10:42:57+08:00" level=info msg="Check port 9999" func="github.com/kosmos.io/kubenest/pkg/handlers.handleCheck()" file="check.go:42"
time="2024-11-07T10:42:57+08:00" level=info msg="port avalible :9999" func="github.com/kosmos.io/kubenest/pkg/handlers.handleCheck()" file="check.go:51"
time="2024-11-07T10:45:22+08:00" level=error msg="port is required" func="github.com/kosmos.io/kubenest/pkg/handlers.handleCheck()" file="check.go:39"
time="2024-11-07T10:46:48+08:00" level=info msg="Check port 9999" func="github.com/kosmos.io/kubenest/pkg/handlers.handleCheck()" file="check.go:42"
time="2024-11-07T10:47:04+08:00" level=info msg="port avalible :9999" func="github.com/kosmos.io/kubenest/pkg/handlers.handleCheck()" file="check.go:51"
time="2024-11-07T10:47:32+08:00" level=info msg="Check port 9999" func="github.com/kosmos.io/kubenest/pkg/handlers.handleCheck()" file="check.go:42"
time="2024-11-07T10:47:37+08:00" level=info msg="port avalible :9999" func="github.com/kosmos.io/kubenest/pkg/handlers.handleCheck()" file="check.go:51"
time="2024-11-07T10:48:09+08:00" level=info msg="Check port 9999" func="github.com/kosmos.io/kubenest/pkg/handlers.handleCheck()" file="check.go:42"
time="2024-11-07T10:48:09+08:00" level=info msg="port avalible :9999" func="github.com/kosmos.io/kubenest/pkg/handlers.handleCheck()" file="check.go:51"
time="2024-11-07T10:48:45+08:00" level=info msg="Check port 9999" func="github.com/kosmos.io/kubenest/pkg/handlers.handleCheck()" file="check.go:42"
time="2024-11-07T10:49:55+08:00" level=info msg="port avalible :9999" func="github.com/kosmos.io/kubenest/pkg/handlers.handleCheck()" file="check.go:51"
time="2024-11-07T10:50:11+08:00" level=info msg="Check port 9999" func="github.com/kosmos.io/kubenest/pkg/handlers.handleCheck()" file="check.go:42"
time="2024-11-07T10:50:15+08:00" level=info msg="port avalible :9999" func="github.com/kosmos.io/kubenest/pkg/handlers.handleCheck()" file="check.go:51"
time="2024-11-07T10:50:58+08:00" level=info msg="Check port 9999" func="github.com/kosmos.io/kubenest/pkg/handlers.handleCheck()" file="check.go:42"
time="2024-11-07T10:50:58+08:00" level=info msg="port avalible :9999" func="github.com/kosmos.io/kubenest/pkg/handlers.handleCheck()" file="check.go:51"
time="2024-11-07T10:52:16+08:00" level=info msg="Check port 9999" func="github.com/kosmos.io/kubenest/pkg/handlers.handleCheck()" file="check.go:42"
time="2024-11-07T10:52:16+08:00" level=info msg="port avalible :9999" func="github.com/kosmos.io/kubenest/pkg/handlers.handleCheck()" file="check.go:51"
time="2024-11-07T10:52:57+08:00" level=info msg="Check port 9999" func="github.com/kosmos.io/kubenest/pkg/handlers.handleCheck()" file="check.go:42"
time="2024-11-07T10:53:17+08:00" level=info msg="port avalible :9999" func="github.com/kosmos.io/kubenest/pkg/handlers.handleCheck()" file="check.go:51"
time="2024-11-07T10:59:55+08:00" level=info msg="Check port 9999" func="github.com/kosmos.io/kubenest/pkg/handlers.handleCheck()" file="check.go:42"
time="2024-11-07T10:59:55+08:00" level=info msg="port avalible :9999" func="github.com/kosmos.io/kubenest/pkg/handlers.handleCheck()" file="check.go:51"
time="2024-11-07T11:00:40+08:00" level=info msg="Check port 9999" func="github.com/kosmos.io/kubenest/pkg/handlers.handleCheck()" file="check.go:42"
time="2024-11-07T11:00:44+08:00" level=info msg="port avalible :9999" func="github.com/kosmos.io/kubenest/pkg/handlers.handleCheck()" file="check.go:51"
time="2024-11-07T11:01:51+08:00" level=info msg="Check port 9999" func="github.com/kosmos.io/kubenest/pkg/handlers.handleCheck()" file="check.go:42"
time="2024-11-07T11:01:51+08:00" level=info msg="port avalible :9999" func="github.com/kosmos.io/kubenest/pkg/handlers.handleCheck()" file="check.go:51"
time="2024-11-07T11:02:12+08:00" level=info msg="Check port 9999" func="github.com/kosmos.io/kubenest/pkg/handlers.handleCheck()" file="check.go:42"
time="2024-11-07T11:02:22+08:00" level=info msg="port avalible :9999" func="github.com/kosmos.io/kubenest/pkg/handlers.handleCheck()" file="check.go:51"
time="2024-11-07T11:10:21+08:00" level=info msg="Check port 9999" func="github.com/kosmos.io/kubenest/pkg/handlers.handleCheck()" file="check.go:42"
time="2024-11-07T11:10:34+08:00" level=info msg="port avalible :9999" func="github.com/kosmos.io/kubenest/pkg/handlers.handleCheck()" file="check.go:51"
time="2024-11-07T11:10:47+08:00" level=info msg="Check port 9999" func="github.com/kosmos.io/kubenest/pkg/handlers.handleCheck()" file="check.go:42"
time="2024-11-07T11:10:49+08:00" level=info msg="port avalible :9999" func="github.com/kosmos.io/kubenest/pkg/handlers.handleCheck()" file="check.go:51"
time="2024-11-07T11:14:26+08:00" level=info msg="Check port 9999" func="github.com/kosmos.io/kubenest/pkg/handlers.handleCheck()" file="check.go:42"
time="2024-11-07T11:14:29+08:00" level=info msg="port avalible :9999" func="github.com/kosmos.io/kubenest/pkg/handlers.handleCheck()" file="check.go:51"
time="2024-11-07T11:16:35+08:00" level=info msg="Check port 9999" func="github.com/kosmos.io/kubenest/pkg/handlers.handleCheck()" file="check.go:42"
time="2024-11-07T11:16:35+08:00" level=info msg="port avalible :9999" func="github.com/kosmos.io/kubenest/pkg/handlers.handleCheck()" file="check.go:51"
time="2024-11-07T11:18:03+08:00" level=info msg="Check port 9999" func="github.com/kosmos.io/kubenest/pkg/handlers.handleCheck()" file="check.go:42"
time="2024-11-07T11:18:03+08:00" level=info msg="port avalible :9999" func="github.com/kosmos.io/kubenest/pkg/handlers.handleCheck()" file="check.go:51"
time="2024-11-07T11:20:46+08:00" level=info msg="Check port 9999" func="github.com/kosmos.io/kubenest/pkg/handlers.handleCheck()" file="check.go:43"
time="2024-11-07T11:20:46+08:00" level=info msg="port avalible :9999" func="github.com/kosmos.io/kubenest/pkg/handlers.handleCheck()" file="check.go:52"
time="2024-11-07T11:29:20+08:00" level=info msg="Check port 9999" func="github.com/kosmos.io/kubenest/pkg/handlers.handleCheck()" file="check.go:41"
time="2024-11-07T11:29:20+08:00" level=info msg="port avalible :9999" func="github.com/kosmos.io/kubenest/pkg/handlers.handleCheck()" file="check.go:50"
time="2024-11-07T15:23:29+08:00" level=info msg="Check port 9999" func="github.com/kosmos.io/kubenest/pkg/handlers.handleCheck()" file="check.go:41"
time="2024-11-07T15:23:30+08:00" level=info msg="port avalible :9999" func="github.com/kosmos.io/kubenest/pkg/handlers.handleCheck()" file="check.go:50"
time="2024-11-07T15:30:52+08:00" level=info msg="Check port 9999" func="github.com/kosmos.io/kubenest/pkg/handlers.handleCheck()" file="check.go:41"
time="2024-11-07T15:30:54+08:00" level=info msg="port avalible :9999" func="github.com/kosmos.io/kubenest/pkg/handlers.handleCheck()" file="check.go:50"
time="2024-11-07T15:32:02+08:00" level=info msg="Executing command: echo, [hello world]" func="github.com/kosmos.io/kubenest/pkg/handlers.Cmd()" file="common.go:60"
time="2024-11-07T15:32:15+08:00" level=warning msg="hello world" func="github.com/kosmos.io/kubenest/pkg/handlers.Cmd.func1()" file="common.go:81"
time="2024-11-07T15:32:19+08:00" level=info msg="Command : echo finished with exit code 0" func="github.com/kosmos.io/kubenest/pkg/handlers.Cmd()" file="common.go:111"
time="2024-11-07T15:32:52+08:00" level=info msg="Executing command: echo, [hello world]" func="github.com/kosmos.io/kubenest/pkg/handlers.Cmd()" file="common.go:60"
time="2024-11-07T15:32:52+08:00" level=warning msg="hello world" func="github.com/kosmos.io/kubenest/pkg/handlers.Cmd.func1()" file="common.go:81"
time="2024-11-07T15:32:52+08:00" level=info msg="Command : echo finished with exit code 0" func="github.com/kosmos.io/kubenest/pkg/handlers.Cmd()" file="common.go:111"
time="2024-11-07T15:33:22+08:00" level=info msg="Executing command: invalidcommand, []" func="github.com/kosmos.io/kubenest/pkg/handlers.Cmd()" file="common.go:60"
time="2024-11-07T15:33:22+08:00" level=warning msg="Error starting command: exec: \"invalidcommand\": executable file not found in $PATH, exec: \"invalidcommand\": executable file not found in $path" func="github.com/kosmos.io/kubenest/pkg/handlers.Cmd()" file="common.go:94"
time="2024-11-07T15:33:22+08:00" level=info msg="Command : invalidcommand finished with exit code -1" func="github.com/kosmos.io/kubenest/pkg/handlers.Cmd()" file="common.go:111"
time="2024-11-07T15:33:38+08:00" level=info msg="Executing command: invalidcommand, []" func="github.com/kosmos.io/kubenest/pkg/handlers.Cmd()" file="common.go:60"
time="2024-11-07T15:33:38+08:00" level=warning msg="Error starting command: exec: \"invalidcommand\": executable file not found in $PATH, exec: \"invalidcommand\": executable file not found in $path" func="github.com/kosmos.io/kubenest/pkg/handlers.Cmd()" file="common.go:94"
time="2024-11-07T15:33:38+08:00" level=info msg="Command : invalidcommand finished with exit code -1" func="github.com/kosmos.io/kubenest/pkg/handlers.Cmd()" file="common.go:111"
time="2024-11-07T15:37:02+08:00" level=info msg="Check port 9999" func="github.com/kosmos.io/kubenest/pkg/handlers.handleCheck()" file="check.go:40"
time="2024-11-07T15:37:02+08:00" level=info msg="port avalible :9999" func="github.com/kosmos.io/kubenest/pkg/handlers.handleCheck()" file="check.go:49"
time="2024-11-07T15:42:52+08:00" level=info msg="Check port 9999" func="github.com/kosmos.io/kubenest/pkg/handlers.handleCheck()" file="check.go:40"
time="2024-11-07T15:42:52+08:00" level=info msg="port avalible :9999" func="github.com/kosmos.io/kubenest/pkg/handlers.handleCheck()" file="check.go:49"
time="2024-11-07T15:43:30+08:00" level=info msg="Check port 8081" func="github.com/kosmos.io/kubenest/pkg/handlers.handleCheck()" file="check.go:40"
time="2024-11-07T15:43:30+08:00" level=info msg="port not avalible :8081 listen tcp :8081: bind: address already in use" func="github.com/kosmos.io/kubenest/pkg/handlers.handleCheck()" file="check.go:44"
time="2024-11-07T20:07:22+08:00" level=info msg="Check port 8081" func="github.com/kosmos.io/kubenest/pkg/handlers.handleCheckPort()" file="check_port.go:40"
time="2024-11-07T20:07:22+08:00" level=info msg="port avalible :8081" func="github.com/kosmos.io/kubenest/pkg/handlers.handleCheckPort()" file="check_port.go:49"
time="2024-11-11T13:49:54+08:00" level=info msg="Executing command: echo, [hello world]" func="github.com/kosmos.io/kubenest/pkg/handlers.Cmd()" file="common.go:61"
time="2024-11-11T13:49:54+08:00" level=warning msg="hello world" func="github.com/kosmos.io/kubenest/pkg/handlers.Cmd.func1()" file="common.go:82"
time="2024-11-11T13:49:54+08:00" level=info msg="Command : echo finished with exit code 0" func="github.com/kosmos.io/kubenest/pkg/handlers.Cmd()" file="common.go:112"
time="2024-11-11T14:31:28+08:00" level=info msg="finish file data transfer /var/folders/k1/9cq0g_fx1jq_cfgldlc_my7r0000gn/T/script_7768172" func="github.com/kosmos.io/kubenest/pkg/handlers.handleScript()" file="python.go:60"
time="2024-11-11T14:31:31+08:00" level=info msg="finish file data transfer /var/folders/k1/9cq0g_fx1jq_cfgldlc_my7r0000gn/T/script_156492907" func="github.com/kosmos.io/kubenest/pkg/handlers.handleScript()" file="python.go:60"
time="2024-11-11T14:31:31+08:00" level=info msg="Executing command: python3, [-u /var/folders/k1/9cq0g_fx1jq_cfgldlc_my7r0000gn/T/script_156492907 world]" func="github.com/kosmos.io/kubenest/pkg/handlers.Cmd()" file="common.go:61"
time="2024-11-11T14:31:31+08:00" level=warning msg="Hello, World!" func="github.com/kosmos.io/kubenest/pkg/handlers.Cmd.func1()" file="common.go:82"
time="2024-11-11T14:32:18+08:00" level=info msg="Command : python3 finished with exit code 0" func="github.com/kosmos.io/kubenest/pkg/handlers.Cmd()" file="common.go:112"
time="2024-11-11T14:32:21+08:00" level=info msg="finish file data transfer /var/folders/k1/9cq0g_fx1jq_cfgldlc_my7r0000gn/T/script_2809421554" func="github.com/kosmos.io/kubenest/pkg/handlers.handleScript()" file="python.go:60"
time="2024-11-11T14:32:21+08:00" level=info msg="Executing command: python3, [-u /var/folders/k1/9cq0g_fx1jq_cfgldlc_my7r0000gn/T/script_2809421554 world]" func="github.com/kosmos.io/kubenest/pkg/handlers.Cmd()" file="common.go:61"
time="2024-11-11T14:32:21+08:00" level=warning msg="Hello, World!" func="github.com/kosmos.io/kubenest/pkg/handlers.Cmd.func1()" file="common.go:82"
time="2024-11-11T14:32:46+08:00" level=info msg="finish file data transfer /var/folders/k1/9cq0g_fx1jq_cfgldlc_my7r0000gn/T/script_2172331282" func="github.com/kosmos.io/kubenest/pkg/handlers.handleScript()" file="python.go:60"
time="2024-11-11T14:32:46+08:00" level=info msg="Executing command: python3, [-u /var/folders/k1/9cq0g_fx1jq_cfgldlc_my7r0000gn/T/script_2172331282 world]" func="github.com/kosmos.io/kubenest/pkg/handlers.Cmd()" file="common.go:61"
time="2024-11-11T14:32:46+08:00" level=warning msg="Hello, World!" func="github.com/kosmos.io/kubenest/pkg/handlers.Cmd.func1()" file="common.go:82"
time="2024-11-11T14:32:46+08:00" level=info msg="Command : python3 finished with exit code 0" func="github.com/kosmos.io/kubenest/pkg/handlers.Cmd()" file="common.go:112"
time="2024-11-11T14:33:04+08:00" level=info msg="finish file data transfer /var/folders/k1/9cq0g_fx1jq_cfgldlc_my7r0000gn/T/script_3545329767" func="github.com/kosmos.io/kubenest/pkg/handlers.handleScript()" file="python.go:60"
time="2024-11-11T14:33:04+08:00" level=info msg="Executing command: python3, [-u /var/folders/k1/9cq0g_fx1jq_cfgldlc_my7r0000gn/T/script_3545329767 world]" func="github.com/kosmos.io/kubenest/pkg/handlers.Cmd()" file="common.go:61"
time="2024-11-11T14:33:04+08:00" level=warning msg="Hello, World!" func="github.com/kosmos.io/kubenest/pkg/handlers.Cmd.func1()" file="common.go:82"
time="2024-11-11T14:33:04+08:00" level=info msg="Command : python3 finished with exit code 0" func="github.com/kosmos.io/kubenest/pkg/handlers.Cmd()" file="common.go:112"
time="2024-11-11T14:55:45+08:00" level=info msg="finish file data transfer /var/folders/k1/9cq0g_fx1jq_cfgldlc_my7r0000gn/T/script_3042631394" func="github.com/kosmos.io/kubenest/pkg/handlers.handleScript()" file="python.go:60"
time="2024-11-11T14:55:45+08:00" level=info msg="Executing command: sh, [/var/folders/k1/9cq0g_fx1jq_cfgldlc_my7r0000gn/T/script_3042631394 world]" func="github.com/kosmos.io/kubenest/pkg/handlers.Cmd()" file="common.go:61"
time="2024-11-11T14:55:45+08:00" level=warning msg="hello world" func="github.com/kosmos.io/kubenest/pkg/handlers.Cmd.func1()" file="common.go:82"
time="2024-11-11T14:55:45+08:00" level=info msg="Command : sh finished with exit code 0" func="github.com/kosmos.io/kubenest/pkg/handlers.Cmd()" file="common.go:112"
time="2024-11-11T14:56:01+08:00" level=info msg="finish file data transfer /var/folders/k1/9cq0g_fx1jq_cfgldlc_my7r0000gn/T/script_3442006418" func="github.com/kosmos.io/kubenest/pkg/handlers.handleScript()" file="python.go:60"
time="2024-11-11T14:56:01+08:00" level=info msg="Executing command: sh, [/var/folders/k1/9cq0g_fx1jq_cfgldlc_my7r0000gn/T/script_3442006418 world]" func="github.com/kosmos.io/kubenest/pkg/handlers.Cmd()" file="common.go:61"
time="2024-11-11T14:56:01+08:00" level=warning msg="hello world" func="github.com/kosmos.io/kubenest/pkg/handlers.Cmd.func1()" file="common.go:82"
time="2024-11-11T14:56:01+08:00" level=info msg="Command : sh finished with exit code 0" func="github.com/kosmos.io/kubenest/pkg/handlers.Cmd()" file="common.go:112"
time="2024-11-11T16:15:31+08:00" level=info msg="Executing command echo" func="github.com/kosmos.io/kubenest/pkg/handlers.handleTty()" file="tty.go:43"
time="2024-11-11T16:15:31+08:00" level=info msg="Received message: Hello" func="github.com/kosmos.io/kubenest/pkg/handlers.handleTty.func5()" file="tty.go:105"
time="2024-11-11T16:15:31+08:00" level=info msg="Received message: Hello" func="github.com/kosmos.io/kubenest/pkg/handlers.handleTty.func4()" file="tty.go:74"
time="2024-11-11T16:15:31+08:00" level=error msg="error resizing pty: operation not supported by device" func="github.com/kosmos.io/kubenest/pkg/handlers.handleTty.func2()" file="tty.go:58"
time="2024-11-11T16:15:31+08:00" level=info msg="read from websocket failed: websocket: close 1006 (abnormal closure): unexpected EOF, " func="github.com/kosmos.io/kubenest/pkg/handlers.handleTty.func5()" file="tty.go:102"
time="2024-11-11T16:16:56+08:00" level=info msg="Executing command echo" func="github.com/kosmos.io/kubenest/pkg/handlers.handleTty()" file="tty.go:43"
time="2024-11-11T16:16:56+08:00" level=info msg="Received message: Hello" func="github.com/kosmos.io/kubenest/pkg/handlers.handleTty.func5()" file="tty.go:105"
time="2024-11-11T16:16:56+08:00" level=error msg="error resizing pty: operation not supported by device" func="github.com/kosmos.io/kubenest/pkg/handlers.handleTty.func2()" file="tty.go:58"
time="2024-11-11T16:16:56+08:00" level=info msg="Received message: Hello" func="github.com/kosmos.io/kubenest/pkg/handlers.handleTty.func4()" file="tty.go:74"
time="2024-11-11T16:16:56+08:00" level=info msg="Received message: \r\n" func="github.com/kosmos.io/kubenest/pkg/handlers.handleTty.func4()" file="tty.go:74"
time="2024-11-11T16:16:56+08:00" level=error msg="PTY read error: EOF" func="github.com/kosmos.io/kubenest/pkg/handlers.handleTty.func4()" file="tty.go:71"
time="2024-11-11T16:16:56+08:00" level=info msg="read from websocket failed: read tcp 127.0.0.1:64353->127.0.0.1:64354: use of closed network connection, " func="github.com/kosmos.io/kubenest/pkg/handlers.handleTty.func5()" file="tty.go:102"
time="2024-11-11T16:17:44+08:00" level=info msg="Executing command echo" func="github.com/kosmos.io/kubenest/pkg/handlers.handleTty()" file="tty.go:43"
time="2024-11-11T16:17:44+08:00" level=info msg="Received message: Hello" func="github.com/kosmos.io/kubenest/pkg/handlers.handleTty.func5()" file="tty.go:105"
time="2024-11-11T16:17:44+08:00" level=error msg="error resizing pty: operation not supported by device" func="github.com/kosmos.io/kubenest/pkg/handlers.handleTty.func2()" file="tty.go:58"
time="2024-11-11T16:17:44+08:00" level=info msg="Received message: Hello" func="github.com/kosmos.io/kubenest/pkg/handlers.handleTty.func4()" file="tty.go:74"
time="2024-11-11T16:17:44+08:00" level=info msg="Received message: \r\n" func="github.com/kosmos.io/kubenest/pkg/handlers.handleTty.func4()" file="tty.go:74"
time="2024-11-11T16:17:44+08:00" level=error msg="PTY read error: EOF" func="github.com/kosmos.io/kubenest/pkg/handlers.handleTty.func4()" file="tty.go:71"
time="2024-11-11T16:17:44+08:00" level=info msg="read from websocket failed: read tcp 127.0.0.1:64520->127.0.0.1:64521: use of closed network connection, " func="github.com/kosmos.io/kubenest/pkg/handlers.handleTty.func5()" file="tty.go:102"
time="2024-11-11T16:18:57+08:00" level=info msg="Executing command echo" func="github.com/kosmos.io/kubenest/pkg/handlers.handleTty()" file="tty.go:43"
time="2024-11-11T16:18:57+08:00" level=info msg="Received message: Hello" func="github.com/kosmos.io/kubenest/pkg/handlers.handleTty.func5()" file="tty.go:105"
time="2024-11-11T16:18:57+08:00" level=error msg="error resizing pty: operation not supported by device" func="github.com/kosmos.io/kubenest/pkg/handlers.handleTty.func2()" file="tty.go:58"
time="2024-11-11T16:18:57+08:00" level=info msg="Received message: Hello" func="github.com/kosmos.io/kubenest/pkg/handlers.handleTty.func4()" file="tty.go:74"
time="2024-11-11T16:18:57+08:00" level=info msg="Received message: \r\n" func="github.com/kosmos.io/kubenest/pkg/handlers.handleTty.func4()" file="tty.go:74"
time="2024-11-11T16:18:57+08:00" level=error msg="PTY read error: EOF" func="github.com/kosmos.io/kubenest/pkg/handlers.handleTty.func4()" file="tty.go:71"
time="2024-11-11T16:18:57+08:00" level=info msg="read from websocket failed: read tcp 127.0.0.1:64758->127.0.0.1:64759: use of closed network connection, " func="github.com/kosmos.io/kubenest/pkg/handlers.handleTty.func5()" file="tty.go:102"
time="2024-11-11T16:19:43+08:00" level=info msg="Executing command echo" func="github.com/kosmos.io/kubenest/pkg/handlers.handleTty()" file="tty.go:43"
time="2024-11-11T16:19:43+08:00" level=error msg="error resizing pty: operation not supported by device" func="github.com/kosmos.io/kubenest/pkg/handlers.handleTty.func2()" file="tty.go:58"
time="2024-11-11T16:19:43+08:00" level=info msg="Received message: Hello" func="github.com/kosmos.io/kubenest/pkg/handlers.handleTty.func5()" file="tty.go:105"
time="2024-11-11T16:19:43+08:00" level=info msg="Received message: Hello" func="github.com/kosmos.io/kubenest/pkg/handlers.handleTty.func4()" file="tty.go:74"
time="2024-11-11T16:19:43+08:00" level=info msg="Received message: \r\n" func="github.com/kosmos.io/kubenest/pkg/handlers.handleTty.func4()" file="tty.go:74"
time="2024-11-11T16:19:43+08:00" level=error msg="PTY read error: EOF" func="github.com/kosmos.io/kubenest/pkg/handlers.handleTty.func4()" file="tty.go:71"
time="2024-11-11T16:19:43+08:00" level=info msg="read from websocket failed: read tcp 127.0.0.1:64894->127.0.0.1:64895: use of closed network connection, " func="github.com/kosmos.io/kubenest/pkg/handlers.handleTty.func5()" file="tty.go:102"
time="2024-11-11T16:20:01+08:00" level=info msg="Executing command echo" func="github.com/kosmos.io/kubenest/pkg/handlers.handleTty()" file="tty.go:43"
time="2024-11-11T16:20:09+08:00" level=error msg="error resizing pty: operation not supported by device" func="github.com/kosmos.io/kubenest/pkg/handlers.handleTty.func2()" file="tty.go:58"
time="2024-11-11T16:20:13+08:00" level=info msg="Received message: Hello" func="github.com/kosmos.io/kubenest/pkg/handlers.handleTty.func5()" file="tty.go:105"
time="2024-11-11T16:20:13+08:00" level=info msg="PTY write error: write /dev/ptmx: input/output error" func="github.com/kosmos.io/kubenest/pkg/handlers.handleTty.func5()" file="tty.go:107"
time="2024-11-11T16:20:13+08:00" level=error msg="PTY read error: EOF" func="github.com/kosmos.io/kubenest/pkg/handlers.handleTty.func4()" file="tty.go:71"
time="2024-11-11T16:20:27+08:00" level=info msg="Executing command echo" func="github.com/kosmos.io/kubenest/pkg/handlers.handleTty()" file="tty.go:43"
time="2024-11-11T16:20:27+08:00" level=error msg="error resizing pty: operation not supported by device" func="github.com/kosmos.io/kubenest/pkg/handlers.handleTty.func2()" file="tty.go:58"
time="2024-11-11T16:20:27+08:00" level=info msg="Received message: Hello" func="github.com/kosmos.io/kubenest/pkg/handlers.handleTty.func5()" file="tty.go:105"
time="2024-11-11T16:20:27+08:00" level=info msg="Received message: Hello" func="github.com/kosmos.io/kubenest/pkg/handlers.handleTty.func4()" file="tty.go:74"
time="2024-11-11T16:20:27+08:00" level=info msg="Received message: \r\n" func="github.com/kosmos.io/kubenest/pkg/handlers.handleTty.func4()" file="tty.go:74"
time="2024-11-11T16:20:27+08:00" level=error msg="PTY read error: EOF" func="github.com/kosmos.io/kubenest/pkg/handlers.handleTty.func4()" file="tty.go:71"
time="2024-11-11T16:20:27+08:00" level=info msg="read from websocket failed: read tcp 127.0.0.1:65040->127.0.0.1:65041: use of closed network connection, " func="github.com/kosmos.io/kubenest/pkg/handlers.handleTty.func5()" file="tty.go:102"
time="2024-11-12T14:10:17+08:00" level=info msg="Uploading file name test.txt, file path ./test_data" func="github.com/kosmos.io/kubenest/pkg/handlers.handleUpload()" file="upload.go:40"
time="2024-11-12T14:11:22+08:00" level=info msg="Uploading file name test.txt, file path ./test_data" func="github.com/kosmos.io/kubenest/pkg/handlers.handleUpload()" file="upload.go:40"
time="2024-11-12T14:11:29+08:00" level=info msg="Uploading file name test.txt, file path ./test_data" func="github.com/kosmos.io/kubenest/pkg/handlers.handleUpload()" file="upload.go:40"
time="2024-11-12T14:11:53+08:00" level=info msg="Uploading file name test.txt, file path ./test_data" func="github.com/kosmos.io/kubenest/pkg/handlers.handleUpload()" file="upload.go:40"
time="2024-11-12T14:12:30+08:00" level=info msg="Uploading file name test.txt, file path ./test_data" func="github.com/kosmos.io/kubenest/pkg/handlers.handleUpload()" file="upload.go:40"
time="2024-11-12T14:13:01+08:00" level=info msg="Uploading file name test.txt, file path ./test_data" func="github.com/kosmos.io/kubenest/pkg/handlers.handleUpload()" file="upload.go:40"
time="2024-11-12T14:13:12+08:00" level=info msg="Uploading file name test.txt, file path ./test_data" func="github.com/kosmos.io/kubenest/pkg/handlers.handleUpload()" file="upload.go:40"
time="2024-11-12T14:14:28+08:00" level=info msg="Uploading file name test.txt, file path ./test_data" func="github.com/kosmos.io/kubenest/pkg/handlers.handleUpload()" file="upload.go:40"
time="2024-11-12T14:14:28+08:00" level=info msg="finish file data transfer test_data/test.txt" func="github.com/kosmos.io/kubenest/pkg/handlers.handleUpload()" file="upload.go:80"
time="2024-11-12T14:14:30+08:00" level=info msg="Uploading file name test.txt, file path ./test_data" func="github.com/kosmos.io/kubenest/pkg/handlers.handleUpload()" file="upload.go:40"
time="2024-11-12T14:14:30+08:00" level=info msg="finish file data transfer test_data/test.txt" func="github.com/kosmos.io/kubenest/pkg/handlers.handleUpload()" file="upload.go:80"
time="2024-11-12T14:15:09+08:00" level=info msg="Uploading file name test.txt, file path ./test_data" func="github.com/kosmos.io/kubenest/pkg/handlers.handleUpload()" file="upload.go:40"
time="2024-11-12T14:15:21+08:00" level=info msg="finish file data transfer test_data/test.txt" func="github.com/kosmos.io/kubenest/pkg/handlers.handleUpload()" file="upload.go:80"
time="2024-11-12T14:15:42+08:00" level=info msg="Uploading file name test.txt, file path ./test_data" func="github.com/kosmos.io/kubenest/pkg/handlers.handleUpload()" file="upload.go:40"
time="2024-11-12T14:15:52+08:00" level=info msg="finish file data transfer test_data/test.txt" func="github.com/kosmos.io/kubenest/pkg/handlers.handleUpload()" file="upload.go:80"
time="2024-11-12T14:19:25+08:00" level=info msg="Uploading file name test.txt, file path ./test_data" func="github.com/kosmos.io/kubenest/pkg/handlers.handleUpload()" file="upload.go:40"
time="2024-11-12T14:19:25+08:00" level=info msg="finish file data transfer test_data/test.txt" func="github.com/kosmos.io/kubenest/pkg/handlers.handleUpload()" file="upload.go:80"
time="2024-11-12T14:19:40+08:00" level=info msg="Uploading file name test.txt, file path ./test_data" func="github.com/kosmos.io/kubenest/pkg/handlers.handleUpload()" file="upload.go:40"
time="2024-11-12T14:20:13+08:00" level=info msg="Uploading file name test.txt, file path ./test_data" func="github.com/kosmos.io/kubenest/pkg/handlers.handleUpload()" file="upload.go:40"
time="2024-11-12T14:20:13+08:00" level=info msg="finish file data transfer test_data/test.txt" func="github.com/kosmos.io/kubenest/pkg/handlers.handleUpload()" file="upload.go:80"
time="2024-11-12T14:20:26+08:00" level=info msg="Uploading file name test.txt, file path ./test_data" func="github.com/kosmos.io/kubenest/pkg/handlers.handleUpload()" file="upload.go:40"
time="2024-11-12T14:20:26+08:00" level=info msg="finish file data transfer test_data/test.txt" func="github.com/kosmos.io/kubenest/pkg/handlers.handleUpload()" file="upload.go:80"
time="2024-11-12T14:20:28+08:00" level=info msg="Uploading file name test.txt, file path ./test_data" func="github.com/kosmos.io/kubenest/pkg/handlers.handleUpload()" file="upload.go:40"
time="2024-11-12T14:20:28+08:00" level=info msg="finish file data transfer test_data/test.txt" func="github.com/kosmos.io/kubenest/pkg/handlers.handleUpload()" file="upload.go:80"
time="2024-11-12T14:20:48+08:00" level=info msg="Uploading file name test.txt, file path ./test_data" func="github.com/kosmos.io/kubenest/pkg/handlers.handleUpload()" file="upload.go:40"
time="2024-11-12T14:20:48+08:00" level=info msg="finish file data transfer test_data/test.txt" func="github.com/kosmos.io/kubenest/pkg/handlers.handleUpload()" file="upload.go:80"
